<?xml version="1.0" encoding="UTF-8"?>
<!-- Generated by org.testng.reporters.JUnitXMLReporter -->
<testsuite hostname="LAPTOP-BFDQ7CBF" ignored="0" name="Test" tests="6" failures="0" timestamp="2020-05-17T01:34:41 IST" time="0.057" errors="0">
  <testcase name="SelTest1" time="0.007" classname="qaclickacademy.Mavenjava.SeleniumJavaTest"/>
  <testcase name="SelTest2" time="0.001" classname="qaclickacademy.Mavenjava.SeleniumJavaTest"/>
  <testcase name="AppiumTest1" time="0.001" classname="qaclickacademy.Mavenjava.AppiumTest"/>
  <testcase name="AppiumTest2" time="0.001" classname="qaclickacademy.Mavenjava.AppiumTest"/>
  <testcase name="RestapiTest1" time="0.001" classname="qaclickacademy.Mavenjava.RestapiTest"/>
  <testcase name="RestapiTest2" time="0.001" classname="qaclickacademy.Mavenjava.RestapiTest"/>
</testsuite> <!-- Test -->
